[2026-05-14T10:07:47.809+0000] {taskinstance.py:1956} INFO - Dependencies all met for dep_context=non-requeueable deps ti=<TaskInstance: log_generation_dag.show_summary scheduled__2026-05-13T01:00:00+00:00 [queued]>
[2026-05-14T10:07:47.815+0000] {taskinstance.py:1956} INFO - Dependencies all met for dep_context=requeueable deps ti=<TaskInstance: log_generation_dag.show_summary scheduled__2026-05-13T01:00:00+00:00 [queued]>
[2026-05-14T10:07:47.816+0000] {taskinstance.py:2170} INFO - Starting attempt 1 of 2
[2026-05-14T10:07:47.824+0000] {taskinstance.py:2191} INFO - Executing <Task(BashOperator): show_summary> on 2026-05-13 01:00:00+00:00
[2026-05-14T10:07:47.828+0000] {standard_task_runner.py:60} INFO - Started process 193 to run task
[2026-05-14T10:07:47.830+0000] {standard_task_runner.py:87} INFO - Running: ['***', 'tasks', 'run', 'log_generation_dag', 'show_summary', 'scheduled__2026-05-13T01:00:00+00:00', '--job-id', '6', '--raw', '--subdir', 'DAGS_FOLDER/log_generation_dag.py', '--cfg-path', '/tmp/tmp5bunvk0_']
[2026-05-14T10:07:47.832+0000] {standard_task_runner.py:88} INFO - Job 6: Subtask show_summary
[2026-05-14T10:07:47.891+0000] {task_command.py:423} INFO - Running <TaskInstance: log_generation_dag.show_summary scheduled__2026-05-13T01:00:00+00:00 [running]> on host a49f472ec23e
[2026-05-14T10:07:48.000+0000] {taskinstance.py:2480} INFO - Exporting env vars: AIRFLOW_CTX_DAG_OWNER='data_engineer' AIRFLOW_CTX_DAG_ID='log_generation_dag' AIRFLOW_CTX_TASK_ID='show_summary' AIRFLOW_CTX_EXECUTION_DATE='2026-05-13T01:00:00+00:00' AIRFLOW_CTX_TRY_NUMBER='1' AIRFLOW_CTX_DAG_RUN_ID='scheduled__2026-05-13T01:00:00+00:00'
[2026-05-14T10:07:48.002+0000] {subprocess.py:63} INFO - Tmp dir root location: /tmp
[2026-05-14T10:07:48.003+0000] {subprocess.py:75} INFO - Running command: ['/usr/bin/bash', '-c', '\n    echo ""\n    echo "📊 LOG GENERATION TRACKER SUMMARY"\n    echo "=========================================="\n    docker exec web-log-postgres psql -U etl_user -d log_analytics -c "\n        SELECT \n            generation_date,\n            status,\n            records_generated,\n            CASE \n                WHEN status = \'SUCCESS\' THEN \'✅\'\n                WHEN status = \'FAILED\' THEN \'❌\'\n                ELSE \'⏳\'\n            END as icon\n        FROM log_gen_tracker\n        ORDER BY generation_date DESC\n        LIMIT 10;\n    "\n    ']
[2026-05-14T10:07:48.025+0000] {subprocess.py:86} INFO - Output:
[2026-05-14T10:07:48.027+0000] {subprocess.py:93} INFO - 
[2026-05-14T10:07:48.028+0000] {subprocess.py:93} INFO - 📊 LOG GENERATION TRACKER SUMMARY
[2026-05-14T10:07:48.029+0000] {subprocess.py:93} INFO - ==========================================
[2026-05-14T10:07:48.042+0000] {subprocess.py:93} INFO - Cannot connect to the Docker daemon at unix:///var/run/docker.sock. Is the docker daemon running?
[2026-05-14T10:07:48.043+0000] {subprocess.py:97} INFO - Command exited with return code 1
[2026-05-14T10:07:48.059+0000] {taskinstance.py:2698} ERROR - Task failed with exception
Traceback (most recent call last):
  File "/home/airflow/.local/lib/python3.11/site-packages/airflow/models/taskinstance.py", line 433, in _execute_task
    result = execute_callable(context=context, **execute_callable_kwargs)
             ^^^^^^^^^^^^^^^^^^^^^^^^^^^^^^^^^^^^^^^^^^^^^^^^^^^^^^^^^^^^
  File "/home/airflow/.local/lib/python3.11/site-packages/airflow/operators/bash.py", line 212, in execute
    raise AirflowException(
airflow.exceptions.AirflowException: Bash command failed. The command returned a non-zero exit code 1.
[2026-05-14T10:07:48.062+0000] {taskinstance.py:1138} INFO - Marking task as UP_FOR_RETRY. dag_id=log_generation_dag, task_id=show_summary, execution_date=20260513T010000, start_date=20260514T100747, end_date=20260514T100748
[2026-05-14T10:07:48.071+0000] {standard_task_runner.py:107} ERROR - Failed to execute job 6 for task show_summary (Bash command failed. The command returned a non-zero exit code 1.; 193)
[2026-05-14T10:07:48.082+0000] {local_task_job_runner.py:234} INFO - Task exited with return code 1
[2026-05-14T10:07:48.109+0000] {taskinstance.py:3280} INFO - 0 downstream tasks scheduled from follow-on schedule check
